0 info it worked if it ends with ok
1 verbose cli [ 'C:\\Program Files\\nodejs\\node.exe',
1 verbose cli   'C:\\Users\\prabhato\\AppData\\Roaming\\npm\\node_modules\\npm\\bin\\npm-cli.js',
1 verbose cli   'run',
1 verbose cli   'tsc:w' ]
2 info using npm@3.10.5
3 info using node@v4.4.7
4 verbose run-script [ 'pretsc:w', 'tsc:w', 'posttsc:w' ]
5 info lifecycle My-chess@1.0.0~pretsc:w: My-chess@1.0.0
6 silly lifecycle My-chess@1.0.0~pretsc:w: no script for pretsc:w, continuing
7 info lifecycle My-chess@1.0.0~tsc:w: My-chess@1.0.0
8 verbose lifecycle My-chess@1.0.0~tsc:w: unsafe-perm in lifecycle true
9 verbose lifecycle My-chess@1.0.0~tsc:w: PATH: C:\Users\prabhato\AppData\Roaming\npm\node_modules\npm\bin\node-gyp-bin;C:\Users\prabhato\Desktop\angular2\angular2RestClient\node_modules\.bin;C:\Program Files\nodejs;C:\Users\prabhato\AppData\Roaming\npm\node_modules\npm\bin\node-gyp-bin;C:\Users\prabhato\Desktop\angular2\angular2RestClient\node_modules\.bin;C:\Program Files\nodejs;"C:\Program Files\Git\bin";C:\WINDOWS\system32;C:\WINDOWS;C:\WINDOWS\System32\Wbem;C:\WINDOWS\System32\WindowsPowerShell\v1.0\;C:\Program Files\Intel\WiFi\bin\;C:\Program Files\Common Files\Intel\WirelessCommon\;%GIT_HOME%;%ANT_PATH%;C:\Users\prabhato\apache-maven-3.3.9\bin;C:\Users\prabhato\Desktop\ant\apache-ant-1.9.6\bin;C:\Program Files\cURL\bin;D:\Software\Grails\grails-3.0.17\bin;C:\Program Files\nodejs\;C:\Ruby23-x64\bin;C:\Program Files (x86)\Skype\Phone\;C:\Users\prabhato\apache-maven-3.3.9\bin;C:\Users\prabhato\AppData\Roaming\npm
10 verbose lifecycle My-chess@1.0.0~tsc:w: CWD: C:\Users\prabhato\Desktop\angular2\angular2RestClient
11 silly lifecycle My-chess@1.0.0~tsc:w: Args: [ '/d /s /c', 'tsc -w' ]
12 silly lifecycle My-chess@1.0.0~tsc:w: Returned: code: 3221225786  signal: null
13 info lifecycle My-chess@1.0.0~tsc:w: Failed to exec tsc:w script
14 verbose stack Error: My-chess@1.0.0 tsc:w: `tsc -w`
14 verbose stack Exit status 3221225786
14 verbose stack     at EventEmitter.<anonymous> (C:\Users\prabhato\AppData\Roaming\npm\node_modules\npm\lib\utils\lifecycle.js:242:16)
14 verbose stack     at emitTwo (events.js:87:13)
14 verbose stack     at EventEmitter.emit (events.js:172:7)
14 verbose stack     at ChildProcess.<anonymous> (C:\Users\prabhato\AppData\Roaming\npm\node_modules\npm\lib\utils\spawn.js:40:14)
14 verbose stack     at emitTwo (events.js:87:13)
14 verbose stack     at ChildProcess.emit (events.js:172:7)
14 verbose stack     at maybeClose (internal/child_process.js:827:16)
14 verbose stack     at Process.ChildProcess._handle.onexit (internal/child_process.js:211:5)
15 verbose pkgid My-chess@1.0.0
16 verbose cwd C:\Users\prabhato\Desktop\angular2\angular2RestClient
17 error Windows_NT 10.0.10586
18 error argv "C:\\Program Files\\nodejs\\node.exe" "C:\\Users\\prabhato\\AppData\\Roaming\\npm\\node_modules\\npm\\bin\\npm-cli.js" "run" "tsc:w"
19 error node v4.4.7
20 error npm  v3.10.5
21 error code ELIFECYCLE
22 error My-chess@1.0.0 tsc:w: `tsc -w`
22 error Exit status 3221225786
23 error Failed at the My-chess@1.0.0 tsc:w script 'tsc -w'.
23 error Make sure you have the latest version of node.js and npm installed.
23 error If you do, this is most likely a problem with the My-chess package,
23 error not with npm itself.
23 error Tell the author that this fails on your system:
23 error     tsc -w
23 error You can get information on how to open an issue for this project with:
23 error     npm bugs My-chess
23 error Or if that isn't available, you can get their info via:
23 error     npm owner ls My-chess
23 error There is likely additional logging output above.
24 verbose exit [ 1, true ]
